<?xml version="1.0" encoding="UTF-8"?>
<!-- Generated by org.testng.reporters.JUnitReportReporter -->
<testsuite skipped="0" hostname="DESKTOP-O0R880F" name="TestCases.TC04_CheckFourth" tests="1" failures="0" timestamp="2023-02-09T19:50:48 AST" time="12.152" errors="0">
  <testcase name="CheckFourthCLock" time="12.152" classname="TestCases.TC04_CheckFourth"/>
  <system-out/>
</testsuite> <!-- TestCases.TC04_CheckFourth -->
