<?xml version="1.0" encoding="UTF-8"?>
<!-- Generated by org.testng.reporters.JUnitReportReporter -->
<testsuite skipped="0" hostname="DESKTOP-O0R880F" name="TestCases.TC01_CheckFirst" tests="1" failures="0" timestamp="2023-02-09T19:50:48 AST" time="17.324" errors="0">
  <testcase name="CheckFirstCLock" time="17.324" classname="TestCases.TC01_CheckFirst"/>
  <system-out/>
</testsuite> <!-- TestCases.TC01_CheckFirst -->
