<?xml version="1.0" encoding="UTF-8"?>
<!-- Generated by org.testng.reporters.JUnitReportReporter -->
<testsuite skipped="0" hostname="DESKTOP-O0R880F" name="TestCases.TC03_CheckThird" tests="1" failures="0" timestamp="2023-02-09T19:50:48 AST" time="12.212" errors="0">
  <testcase name="CheckThirdCLock" time="12.212" classname="TestCases.TC03_CheckThird"/>
  <system-out/>
</testsuite> <!-- TestCases.TC03_CheckThird -->
