<?xml version="1.0" encoding="UTF-8"?>
<!-- Generated by org.testng.reporters.JUnitReportReporter -->
<testsuite skipped="0" hostname="DESKTOP-O0R880F" name="TestCases.TC02_CheckSecond" tests="1" failures="0" timestamp="2023-02-09T19:50:48 AST" time="10.928" errors="0">
  <testcase name="CheckSecondClock" time="10.928" classname="TestCases.TC02_CheckSecond"/>
  <system-out/>
</testsuite> <!-- TestCases.TC02_CheckSecond -->
