<?xml version="1.0" encoding="UTF-8"?>
<!-- Generated by org.testng.reporters.JUnitReportReporter -->
<testsuite skipped="0" hostname="DESKTOP-O0R880F" name="TestCases.TC01_CheckLogin_P" tests="1" failures="0" timestamp="2023-02-03T23:44:33 AST" time="12.677" errors="0">
  <testcase name="CheckTime" time="12.677" classname="TestCases.TC01_CheckLogin_P"/>
  <system-out/>
</testsuite> <!-- TestCases.TC01_CheckLogin_P -->
